<?xml version="1.0" encoding="UTF-8"?>
<testng-results ignored="0" total="1" passed="1" failed="0" skipped="0">
  <reporter-output>
  </reporter-output>
  <suite started-at="2024-03-24T15:29:44 AEDT" name="Default suite" finished-at="2024-03-24T15:29:47 AEDT" duration-ms="3058">
    <groups>
    </groups>
    <test started-at="2024-03-24T15:29:44 AEDT" name="Default test" finished-at="2024-03-24T15:29:47 AEDT" duration-ms="3058">
      <class name="runner.TestRunner">
        <test-method signature="testFeatureLocally()[pri:0, instance:runner.TestRunner@2584b82d]" started-at="2024-03-24T15:29:44 AEDT" name="testFeatureLocally" finished-at="2024-03-24T15:29:47 AEDT" duration-ms="3024" status="PASS">
          <reporter-output>
          </reporter-output>
        </test-method> <!-- testFeatureLocally -->
      </class> <!-- runner.TestRunner -->
    </test> <!-- Default test -->
  </suite> <!-- Default suite -->
</testng-results>
